<?xml version="1.0" encoding="UTF-8"?>
<testsuite name="XXLChess.BlockTest" tests="4" skipped="0" failures="0" errors="0" timestamp="2023-05-13T08:08:20" hostname="Charans-Air" time="0.055">
  <properties/>
  <testcase name="set Colour" classname="XXLChess.BlockTest" time="0.031"/>
  <testcase name="get Colour" classname="XXLChess.BlockTest" time="0.002"/>
  <testcase name="set Piece" classname="XXLChess.BlockTest" time="0.005"/>
  <testcase name="get Piece" classname="XXLChess.BlockTest" time="0.004"/>
  <system-out><![CDATA[Expected Value=null . Actual Value=null
Expected Value=null . Actual Value=null
]]></system-out>
  <system-err><![CDATA[]]></system-err>
</testsuite>
